<?xml version="1.0" encoding="UTF-8"?>
<testng-results skipped="0" failed="0" ignored="0" total="3" passed="3">
  <reporter-output>
  </reporter-output>
  <suite name="Default suite" duration-ms="16412" started-at="2023-01-13T20:46:43 IST" finished-at="2023-01-13T20:46:59 IST">
    <groups>
    </groups>
    <test name="Default test" duration-ms="16412" started-at="2023-01-13T20:46:43 IST" finished-at="2023-01-13T20:46:59 IST">
      <class name="testcases.Test_001">
        <test-method status="PASS" signature="init()[pri:0, instance:testcases.Test_001@8646db9]" name="init" is-config="true" duration-ms="18888" started-at="2023-01-13T20:46:24 IST" finished-at="2023-01-13T20:46:43 IST">
          <reporter-output>
          </reporter-output>
        </test-method> <!-- init -->
        <test-method status="PASS" signature="validateLogin()[pri:1, instance:testcases.Test_001@8646db9]" name="validateLogin" duration-ms="11357" started-at="2023-01-13T20:46:43 IST" finished-at="2023-01-13T20:46:54 IST">
          <reporter-output>
          </reporter-output>
        </test-method> <!-- validateLogin -->
        <test-method status="PASS" signature="validateAccountUsername()[pri:2, instance:testcases.Test_001@8646db9]" name="validateAccountUsername" duration-ms="115" started-at="2023-01-13T20:46:54 IST" finished-at="2023-01-13T20:46:55 IST">
          <reporter-output>
          </reporter-output>
        </test-method> <!-- validateAccountUsername -->
        <test-method status="PASS" signature="validateLogout()[pri:3, instance:testcases.Test_001@8646db9]" name="validateLogout" duration-ms="4848" started-at="2023-01-13T20:46:55 IST" finished-at="2023-01-13T20:46:59 IST">
          <reporter-output>
          </reporter-output>
        </test-method> <!-- validateLogout -->
        <test-method status="PASS" signature="tearDown()[pri:0, instance:testcases.Test_001@8646db9]" name="tearDown" is-config="true" duration-ms="1231" started-at="2023-01-13T20:46:59 IST" finished-at="2023-01-13T20:47:01 IST">
          <reporter-output>
          </reporter-output>
        </test-method> <!-- tearDown -->
      </class> <!-- testcases.Test_001 -->
    </test> <!-- Default test -->
  </suite> <!-- Default suite -->
</testng-results>
