<?xml version="1.0" encoding="UTF-8"?>
<!-- Generated by org.testng.reporters.JUnitXMLReporter -->
<testsuite hostname="Venkatesh" ignored="0" name="Default test" tests="3" failures="0" timestamp="2023-01-13T20:46:59 IST" time="16.412" errors="0">
  <testcase name="validateLogin" time="11.357" classname="testcases.Test_001"/>
  <testcase name="validateAccountUsername" time="0.115" classname="testcases.Test_001"/>
  <testcase name="validateLogout" time="4.848" classname="testcases.Test_001"/>
</testsuite> <!-- Default test -->
