<?xml version="1.0" encoding="UTF-8"?>
<!-- Generated by org.testng.reporters.JUnitXMLReporter -->
<testsuite hostname="Venkatesh" ignored="0" name="Test" tests="3" failures="0" timestamp="2023-01-13T20:49:58 IST" time="15.072" errors="0">
  <testcase name="validateLogin" time="10.62" classname="testcases.Test_001"/>
  <testcase name="validateAccountUsername" time="0.064" classname="testcases.Test_001"/>
  <testcase name="validateLogout" time="4.326" classname="testcases.Test_001"/>
</testsuite> <!-- Test -->
