<?xml version="1.0" encoding="UTF-8"?>
<testng-results skipped="0" failed="0" ignored="0" total="3" passed="3">
  <reporter-output>
  </reporter-output>
  <suite name="Suite" duration-ms="15072" started-at="2023-01-13T20:49:43 IST" finished-at="2023-01-13T20:49:58 IST">
    <groups>
    </groups>
    <test name="Test" duration-ms="15072" started-at="2023-01-13T20:49:43 IST" finished-at="2023-01-13T20:49:58 IST">
      <class name="testcases.Test_001">
        <test-method status="PASS" signature="init()[pri:0, instance:testcases.Test_001@3dfc5fb8]" name="init" is-config="true" duration-ms="16023" started-at="2023-01-13T20:49:27 IST" finished-at="2023-01-13T20:49:43 IST">
          <reporter-output>
          </reporter-output>
        </test-method> <!-- init -->
        <test-method status="PASS" signature="validateLogin()[pri:1, instance:testcases.Test_001@3dfc5fb8]" name="validateLogin" duration-ms="10620" started-at="2023-01-13T20:49:43 IST" finished-at="2023-01-13T20:49:53 IST">
          <reporter-output>
          </reporter-output>
        </test-method> <!-- validateLogin -->
        <test-method status="PASS" signature="validateAccountUsername()[pri:2, instance:testcases.Test_001@3dfc5fb8]" name="validateAccountUsername" duration-ms="64" started-at="2023-01-13T20:49:53 IST" finished-at="2023-01-13T20:49:54 IST">
          <reporter-output>
          </reporter-output>
        </test-method> <!-- validateAccountUsername -->
        <test-method status="PASS" signature="validateLogout()[pri:3, instance:testcases.Test_001@3dfc5fb8]" name="validateLogout" duration-ms="4326" started-at="2023-01-13T20:49:54 IST" finished-at="2023-01-13T20:49:58 IST">
          <reporter-output>
          </reporter-output>
        </test-method> <!-- validateLogout -->
        <test-method status="PASS" signature="tearDown()[pri:0, instance:testcases.Test_001@3dfc5fb8]" name="tearDown" is-config="true" duration-ms="791" started-at="2023-01-13T20:49:58 IST" finished-at="2023-01-13T20:49:59 IST">
          <reporter-output>
          </reporter-output>
        </test-method> <!-- tearDown -->
      </class> <!-- testcases.Test_001 -->
    </test> <!-- Test -->
  </suite> <!-- Suite -->
</testng-results>
